<?xml version="1.0" encoding="UTF-8"?>
<!-- Generated by org.testng.reporters.JUnitReportReporter -->
<testsuite hostname="DESKTOP-3FJ2E8T" failures="0" tests="1" name="test.components.BookingPageTest" time="8.867" errors="0" timestamp="2024-02-10T15:47:02 IST" skipped="0">
  <testcase classname="test.components.BookingPageTest" name="checkinTc" time="8.867"/>
  <system-out/>
</testsuite> <!-- test.components.BookingPageTest -->
