<?xml version="1.0" encoding="UTF-8"?>
<!-- Generated by org.testng.reporters.JUnitReportReporter -->
<testsuite hostname="DESKTOP-3FJ2E8T" failures="0" tests="8" name="test.components.LoginTest" time="51.191" errors="0" timestamp="2024-02-12T15:55:33 IST" skipped="0">
  <testcase classname="test.components.LoginTest" name="signinTc01" time="9.262"/>
  <system-out/>
  <testcase classname="test.components.LoginTest" name="signinTc01" time="8.168"/>
  <system-out/>
  <testcase classname="test.components.LoginTest" name="signinTc04" time="5.971"/>
  <system-out/>
  <testcase classname="test.components.LoginTest" name="signinTc02" time="6.478"/>
  <system-out/>
  <testcase classname="test.components.LoginTest" name="signinTc02" time="5.118"/>
  <system-out/>
  <testcase classname="test.components.LoginTest" name="signinTc03" time="4.998"/>
  <system-out/>
  <testcase classname="test.components.LoginTest" name="signinTc03" time="6.175"/>
  <system-out/>
  <testcase classname="test.components.LoginTest" name="signinTc04" time="5.021"/>
  <system-out/>
</testsuite> <!-- test.components.LoginTest -->
