<?xml version="1.0" encoding="UTF-8"?>
<!-- Generated by org.testng.reporters.JUnitReportReporter -->
<testsuite hostname="DESKTOP-3FJ2E8T" failures="0" tests="4" name="test.components.SignUpTest" time="54.299" errors="0" timestamp="2024-02-12T15:55:33 IST" skipped="0">
  <testcase classname="test.components.SignUpTest" name="signUpTc01" time="12.805"/>
  <system-out/>
  <testcase classname="test.components.SignUpTest" name="signUpTc01" time="14.983"/>
  <system-out/>
  <testcase classname="test.components.SignUpTest" name="signUpTc02" time="13.532"/>
  <system-out/>
  <testcase classname="test.components.SignUpTest" name="signUpTc02" time="12.979"/>
  <system-out/>
</testsuite> <!-- test.components.SignUpTest -->
