<?xml version="1.0" encoding="UTF-8"?>
<!-- Generated by org.testng.reporters.JUnitReportReporter -->
<testsuite hostname="DESKTOP-3FJ2E8T" failures="0" tests="2" name="test.components.BookingPageValidationTest" time="16.061" errors="0" timestamp="2024-02-12T15:55:33 IST" skipped="0">
  <testcase classname="test.components.BookingPageValidationTest" name="checkinTc" time="8.466"/>
  <system-out/>
  <testcase classname="test.components.BookingPageValidationTest" name="checkinTc" time="7.595"/>
  <system-out/>
</testsuite> <!-- test.components.BookingPageValidationTest -->
