<?xml version="1.0" encoding="UTF-8"?>
<!-- Generated by org.testng.reporters.JUnitReportReporter -->
<testsuite hostname="DESKTOP-3FJ2E8T" failures="0" tests="4" name="test.components.SearchFlightTest" time="58.260" errors="0" timestamp="2024-02-12T15:55:33 IST" skipped="0">
  <testcase classname="test.components.SearchFlightTest" name="oneWayTc01" time="15.262"/>
  <system-out/>
  <testcase classname="test.components.SearchFlightTest" name="oneWayTc01" time="12.843"/>
  <system-out/>
  <testcase classname="test.components.SearchFlightTest" name="roundTripTc02" time="13.809"/>
  <system-out/>
  <testcase classname="test.components.SearchFlightTest" name="roundTripTc02" time="16.346"/>
  <system-out/>
</testsuite> <!-- test.components.SearchFlightTest -->
