<?xml version="1.0" encoding="UTF-8"?>
<!-- Generated by org.testng.reporters.JUnitReportReporter -->
<testsuite hostname="DESKTOP-3FJ2E8T" failures="0" tests="2" name="test.components.BookingPageValidationTest" time="18.149" errors="0" timestamp="2024-02-12T16:02:49 IST" skipped="0">
  <testcase classname="test.components.BookingPageValidationTest" name="checkinTc" time="9.560"/>
  <system-out/>
  <testcase classname="test.components.BookingPageValidationTest" name="checkinTc" time="8.589"/>
  <system-out/>
</testsuite> <!-- test.components.BookingPageValidationTest -->
