<?xml version="1.0" encoding="UTF-8"?>
<!-- Generated by org.testng.reporters.JUnitReportReporter -->
<testsuite hostname="DESKTOP-3FJ2E8T" failures="0" tests="2" name="test.components.FlightBookingTest" time="94.449" errors="0" timestamp="2024-02-12T16:02:49 IST" skipped="0">
  <testcase classname="test.components.FlightBookingTest" name="validPayTc01" time="45.757"/>
  <system-out/>
  <testcase classname="test.components.FlightBookingTest" name="validPayTc01" time="48.692"/>
  <system-out/>
</testsuite> <!-- test.components.FlightBookingTest -->
