<?xml version="1.0" encoding="UTF-8"?>
<!-- Generated by org.testng.reporters.JUnitReportReporter -->
<testsuite hostname="DESKTOP-3FJ2E8T" failures="0" tests="4" name="test.components.SignUpTest" time="60.449" errors="0" timestamp="2024-02-12T16:02:49 IST" skipped="0">
  <testcase classname="test.components.SignUpTest" name="signUpTc01" time="13.639"/>
  <system-out/>
  <testcase classname="test.components.SignUpTest" name="signUpTc01" time="13.740"/>
  <system-out/>
  <testcase classname="test.components.SignUpTest" name="signUpTc02" time="14.066"/>
  <system-out/>
  <testcase classname="test.components.SignUpTest" name="signUpTc02" time="19.004"/>
  <system-out/>
</testsuite> <!-- test.components.SignUpTest -->
