<?xml version="1.0" encoding="UTF-8"?>
<!-- Generated by org.testng.reporters.JUnitReportReporter -->
<testsuite hostname="DESKTOP-3FJ2E8T" failures="0" tests="8" name="test.components.LoginTest" time="54.194" errors="0" timestamp="2024-02-12T16:02:49 IST" skipped="0">
  <testcase classname="test.components.LoginTest" name="signinTc01" time="10.279"/>
  <system-out/>
  <testcase classname="test.components.LoginTest" name="signinTc01" time="8.132"/>
  <system-out/>
  <testcase classname="test.components.LoginTest" name="signinTc03" time="5.342"/>
  <system-out/>
  <testcase classname="test.components.LoginTest" name="signinTc02" time="6.262"/>
  <system-out/>
  <testcase classname="test.components.LoginTest" name="signinTc04" time="5.091"/>
  <system-out/>
  <testcase classname="test.components.LoginTest" name="signinTc04" time="6.428"/>
  <system-out/>
  <testcase classname="test.components.LoginTest" name="signinTc03" time="6.265"/>
  <system-out/>
  <testcase classname="test.components.LoginTest" name="signinTc02" time="6.395"/>
  <system-out/>
</testsuite> <!-- test.components.LoginTest -->
