<?xml version="1.0" encoding="UTF-8"?>
<!-- Generated by org.testng.reporters.JUnitReportReporter -->
<testsuite hostname="DESKTOP-3FJ2E8T" failures="0" tests="4" name="test.components.SearchFlightTest" time="57.456" errors="0" timestamp="2024-02-12T16:02:49 IST" skipped="0">
  <testcase classname="test.components.SearchFlightTest" name="oneWayTc01" time="12.325"/>
  <system-out/>
  <testcase classname="test.components.SearchFlightTest" name="oneWayTc01" time="14.469"/>
  <system-out/>
  <testcase classname="test.components.SearchFlightTest" name="roundTripTc02" time="16.324"/>
  <system-out/>
  <testcase classname="test.components.SearchFlightTest" name="roundTripTc02" time="14.338"/>
  <system-out/>
</testsuite> <!-- test.components.SearchFlightTest -->
